# Logfile created on Tue Oct 19 09:56:21 -0300 2010 by logger.rb/22285
E, [2010-12-23T11:29:36.455805 #3794] ERROR -- ERROR: undefined local variable or method `conf_file' for #<Playlist:0xb765aa24>
: ./lib/playlist.rb:71:in `read_conf'
./lib/playlist.rb:13:in `initialize'
/usr/lib/ruby/1.8/singleton.rb:94:in `new'
/usr/lib/ruby/1.8/singleton.rb:94:in `instance'
playlistApp.rb:67:in `to_index'
playlistApp.rb:19:in `GET /'
/usr/lib/ruby/gems/1.8/gems/sinatra-1.0/lib/sinatra/base.rb:863:in `call'
/usr/lib/ruby/gems/1.8/gems/sinatra-1.0/lib/sinatra/base.rb:863:in `route'
/usr/lib/ruby/gems/1.8/gems/sinatra-1.0/lib/sinatra/base.rb:521:in `instance_eval'
/usr/lib/ruby/gems/1.8/gems/sinatra-1.0/lib/sinatra/base.rb:521:in `route_eval'
/usr/lib/ruby/gems/1.8/gems/sinatra-1.0/lib/sinatra/base.rb:500:in `route!'
/usr/lib/ruby/gems/1.8/gems/sinatra-1.0/lib/sinatra/base.rb:497:in `catch'
/usr/lib/ruby/gems/1.8/gems/sinatra-1.0/lib/sinatra/base.rb:497:in `route!'
/usr/lib/ruby/gems/1.8/gems/sinatra-1.0/lib/sinatra/base.rb:476:in `each'
/usr/lib/ruby/gems/1.8/gems/sinatra-1.0/lib/sinatra/base.rb:476:in `route!'
/usr/lib/ruby/gems/1.8/gems/sinatra-1.0/lib/sinatra/base.rb:601:in `dispatch!'
/usr/lib/ruby/gems/1.8/gems/sinatra-1.0/lib/sinatra/base.rb:411:in `call!'
/usr/lib/ruby/gems/1.8/gems/sinatra-1.0/lib/sinatra/base.rb:566:in `instance_eval'
/usr/lib/ruby/gems/1.8/gems/sinatra-1.0/lib/sinatra/base.rb:566:in `invoke'
/usr/lib/ruby/gems/1.8/gems/sinatra-1.0/lib/sinatra/base.rb:566:in `catch'
/usr/lib/ruby/gems/1.8/gems/sinatra-1.0/lib/sinatra/base.rb:566:in `invoke'
/usr/lib/ruby/gems/1.8/gems/sinatra-1.0/lib/sinatra/base.rb:411:in `call!'
/usr/lib/ruby/gems/1.8/gems/sinatra-1.0/lib/sinatra/base.rb:399:in `call'
/usr/lib/ruby/gems/1.8/gems/rack-1.2.1/lib/rack/showexceptions.rb:24:in `call'
/usr/lib/ruby/gems/1.8/gems/rack-1.2.1/lib/rack/methodoverride.rb:24:in `call'
/usr/lib/ruby/gems/1.8/gems/rack-1.2.1/lib/rack/commonlogger.rb:18:in `call'
/usr/lib/ruby/gems/1.8/gems/sinatra-1.0/lib/sinatra/base.rb:979:in `call'
/usr/lib/ruby/gems/1.8/gems/sinatra-1.0/lib/sinatra/base.rb:1005:in `synchronize'
/usr/lib/ruby/gems/1.8/gems/sinatra-1.0/lib/sinatra/base.rb:979:in `call'
/usr/lib/ruby/gems/1.8/gems/rack-1.2.1/lib/rack/content_length.rb:13:in `call'
/usr/lib/ruby/gems/1.8/gems/rack-1.2.1/lib/rack/handler/webrick.rb:52:in `service'
/usr/lib/ruby/1.8/webrick/httpserver.rb:104:in `service'
/usr/lib/ruby/1.8/webrick/httpserver.rb:65:in `run'
/usr/lib/ruby/1.8/webrick/server.rb:173:in `start_thread'
/usr/lib/ruby/1.8/webrick/server.rb:162:in `start'
/usr/lib/ruby/1.8/webrick/server.rb:162:in `start_thread'
/usr/lib/ruby/1.8/webrick/server.rb:95:in `start'
/usr/lib/ruby/1.8/webrick/server.rb:92:in `each'
/usr/lib/ruby/1.8/webrick/server.rb:92:in `start'
/usr/lib/ruby/1.8/webrick/server.rb:23:in `start'
/usr/lib/ruby/1.8/webrick/server.rb:82:in `start'
/usr/lib/ruby/gems/1.8/gems/rack-1.2.1/lib/rack/handler/webrick.rb:13:in `run'
/usr/lib/ruby/gems/1.8/gems/sinatra-1.0/lib/sinatra/base.rb:946:in `run!'
/usr/lib/ruby/gems/1.8/gems/sinatra-1.0/lib/sinatra/main.rb:25
playlistApp.rb:88
